L 09/05/2014 - 14:38:10: Log file started (file "logs\L0905003.log") (game "cstrike") (version "48/1.6.3.7/5408")
L 09/05/2014 - 14:38:10: Server cvar "sv_maxspeed" = "320"
L 09/05/2014 - 14:38:10: Server cvar "sv_maxrate" = "25000"
L 09/05/2014 - 14:38:10: Server cvar "sv_minrate" = "2500"
L 09/05/2014 - 14:38:10: Server cvar "decalfrequency" = "60"
L 09/05/2014 - 14:38:10: Server cvar "mp_timelimit" = "50"
L 09/05/2014 - 14:38:10: Server cvar "mp_autokick" = "0"
L 09/05/2014 - 14:38:10: Server cvar "mp_c4timer" = "35"
L 09/05/2014 - 14:38:10: Server cvar "mp_flashlight" = "1"
L 09/05/2014 - 14:38:10: Server cvar "mp_freezetime" = "2"
L 09/05/2014 - 14:38:10: Server cvar "mp_hostagepenalty" = "0"
L 09/05/2014 - 14:38:10: Server cvar "mp_limitteams" = "0"
L 09/05/2014 - 14:38:10: Server cvar "mp_chattime" = "2"
L 09/05/2014 - 14:38:10: Server cvar "mp_roundtime" = "7"
L 09/05/2014 - 14:38:10: Server cvar "mp_buytime" = "25"
L 09/05/2014 - 14:38:10: Server cvar "mp_kickpercent" = "100"
L 09/05/2014 - 14:38:10: Server cvar "mp_playerid" = "1"
L 09/05/2014 - 14:38:10: Server cvar "sv_region" = "3"
L 09/05/2014 - 14:38:10: Server cvar "sv_contact" = "vk.com/id63671168"
L 09/05/2014 - 14:38:10: [DPROTO]: [MEMU]: Hello sent to 68.142.72.250:27010
L 09/05/2014 - 14:38:10: [DPROTO]: [MEMU]: Hello sent to 69.28.151.162:27010
L 09/05/2014 - 14:38:13: World triggered "Round_Start"
L 09/05/2014 - 14:38:15: [DPROTO]: Client 0 - Set AuthIdType 1 [dp_AVSMP]; pClient = 08AC14A0
L 09/05/2014 - 14:38:15: "Super<1><STEAM_0:0:91697561><>" connected, address "192.168.1.101:27005"
L 09/05/2014 - 14:38:20: [DPROTO]: [MEMU]: Hello sent to 68.142.72.250:27010
L 09/05/2014 - 14:38:20: [DPROTO]: [MEMU]: Hello sent to 69.28.151.162:27010
L 09/05/2014 - 14:38:20: "Super<1><STEAM_0:0:91697561><>" entered the game
L 09/05/2014 - 14:38:21: "Super<1><STEAM_0:0:91697561><>" joined team "TERRORIST"
L 09/05/2014 - 14:38:21: "Super<1><STEAM_0:0:91697561><TERRORIST>" triggered "Spawned_With_The_Bomb"
L 09/05/2014 - 14:38:29: "Super<1><STEAM_0:0:91697561><TERRORIST>" triggered "time" (time "0:09")
L 09/05/2014 - 14:38:29: "Super<1><STEAM_0:0:91697561><TERRORIST>" triggered "latency" (ping "0")
L 09/05/2014 - 14:38:29: [WinHL-Booster] ERROR - unable to close performance monitor
L 09/05/2014 - 14:38:29: [META] ini: Begin re-reading plugins list: c:/users/vadim/desktop/Сервер/cstrike/addons/metamod/plugins.ini
L 09/05/2014 - 14:38:29: [META] ini: Read plugin config for: AMX Mod X
L 09/05/2014 - 14:38:29: [META] ini: Read plugin config for: mmtimer
L 09/05/2014 - 14:38:29: [META] ini: Read plugin config for: dproto
L 09/05/2014 - 14:38:29: [META] ini: Read plugin config for: WinHL-Booster
L 09/05/2014 - 14:38:29: [META] ini: Finished reading plugins list: c:/users/vadim/desktop/Сервер/cstrike/addons/metamod/plugins.ini; Found 4 plugins
L 09/05/2014 - 14:38:29: [META] dll: Updating plugins...
L 09/05/2014 - 14:38:29: [META] dll: Finished updating 10 plugins; kept 4, loaded 0, unloaded 0, reloaded 0, delayed 0
L 09/05/2014 - 14:38:29: "Super<1><STEAM_0:0:91697561><TERRORIST>" triggered "Dropped_The_Bomb"
L 09/05/2014 - 14:38:29: "Super<1><STEAM_0:0:91697561><TERRORIST>" disconnected
L 09/05/2014 - 14:38:29: World triggered "Round_Draw" (CT "0") (T "0")
L 09/05/2014 - 14:38:29: World triggered "Round_End"
L 09/05/2014 - 14:38:29: Log file closed
