L 09/05/2014 - 23:52:03: Log file started (file "logs\L0905026.log") (game "cstrike") (version "48/1.6.3.7/5408")
L 09/05/2014 - 23:52:03: Loading map "de_dust2"
L 09/05/2014 - 23:52:03: Server cvars start
L 09/05/2014 - 23:52:03: Server cvar "_tutor_bomb_viewable_check_interval" = "0.5"
L 09/05/2014 - 23:52:03: Server cvar "_tutor_debug_level" = "0"
L 09/05/2014 - 23:52:03: Server cvar "_tutor_examine_time" = "0.5"
L 09/05/2014 - 23:52:03: Server cvar "_tutor_hint_interval_time" = "10.0"
L 09/05/2014 - 23:52:03: Server cvar "_tutor_look_angle" = "10"
L 09/05/2014 - 23:52:03: Server cvar "_tutor_look_distance" = "200"
L 09/05/2014 - 23:52:03: Server cvar "_tutor_message_character_display_time_coefficient" = "0.07"
L 09/05/2014 - 23:52:03: Server cvar "_tutor_message_minimum_display_time" = "1"
L 09/05/2014 - 23:52:03: Server cvar "_tutor_message_repeats" = "5"
L 09/05/2014 - 23:52:03: Server cvar "_tutor_view_distance" = "1000"
L 09/05/2014 - 23:52:03: Server cvar "allow_spectators" = "1.0"
L 09/05/2014 - 23:52:03: Server cvar "amx_client_languages" = "1"
L 09/05/2014 - 23:52:03: Server cvar "amx_contactinfo" = ""
L 09/05/2014 - 23:52:03: Server cvar "amx_language" = "ru"
L 09/05/2014 - 23:52:03: Server cvar "amx_nextmap" = "de_dust"
L 09/05/2014 - 23:52:03: Server cvar "amx_timeleft" = "48:26"
L 09/05/2014 - 23:52:03: Server cvar "amxmodx_version" = "1.8.1.3746"
L 09/05/2014 - 23:52:03: Server cvar "booster_version" = "1.70"
L 09/05/2014 - 23:52:03: Server cvar "coop" = "0"
L 09/05/2014 - 23:52:03: Server cvar "deathmatch" = "1"
L 09/05/2014 - 23:52:03: Server cvar "decalfrequency" = "60"
L 09/05/2014 - 23:52:03: Server cvar "dp_version" = "0.9.122"
L 09/05/2014 - 23:52:03: Server cvar "edgefriction" = "2"
L 09/05/2014 - 23:52:03: Server cvar "hostage_debug" = "0"
L 09/05/2014 - 23:52:03: Server cvar "hostage_stop" = "0"
L 09/05/2014 - 23:52:03: Server cvar "humans_join_team" = "any"
L 09/05/2014 - 23:52:03: Server cvar "max_queries_sec" = "3.0"
L 09/05/2014 - 23:52:03: Server cvar "max_queries_sec_global" = "30"
L 09/05/2014 - 23:52:03: Server cvar "max_queries_window" = "60"
L 09/05/2014 - 23:52:03: Server cvar "metamod_version" = "1.19"
L 09/05/2014 - 23:52:03: Server cvar "mp_allowmonsters" = "0"
L 09/05/2014 - 23:52:03: Server cvar "mp_autokick" = "0"
L 09/05/2014 - 23:52:03: Server cvar "mp_autoteambalance" = "1"
L 09/05/2014 - 23:52:03: Server cvar "mp_buytime" = "25"
L 09/05/2014 - 23:52:03: Server cvar "mp_c4timer" = "35"
L 09/05/2014 - 23:52:03: Server cvar "mp_chattime" = "2"
L 09/05/2014 - 23:52:03: Server cvar "mp_consistency" = "1"
L 09/05/2014 - 23:52:03: Server cvar "mp_fadetoblack" = "0"
L 09/05/2014 - 23:52:03: Server cvar "mp_flashlight" = "1"
L 09/05/2014 - 23:52:03: Server cvar "mp_footsteps" = "1"
L 09/05/2014 - 23:52:03: Server cvar "mp_forcecamera" = "0"
L 09/05/2014 - 23:52:03: Server cvar "mp_forcechasecam" = "0"
L 09/05/2014 - 23:52:03: Server cvar "mp_fragsleft" = "0"
L 09/05/2014 - 23:52:03: Server cvar "mp_freezetime" = "2"
L 09/05/2014 - 23:52:03: Server cvar "mp_friendlyfire" = "0"
L 09/05/2014 - 23:52:03: Server cvar "mp_ghostfrequency" = "0.1"
L 09/05/2014 - 23:52:03: Server cvar "mp_hostagepenalty" = "0"
L 09/05/2014 - 23:52:03: Server cvar "mp_kickpercent" = "100"
L 09/05/2014 - 23:52:03: Server cvar "mp_limitteams" = "0"
L 09/05/2014 - 23:52:03: Server cvar "mp_logdetail" = "0"
L 09/05/2014 - 23:52:03: Server cvar "mp_logfile" = "1"
L 09/05/2014 - 23:52:03: Server cvar "mp_logmessages" = "1"
L 09/05/2014 - 23:52:03: Server cvar "mp_mapvoteratio" = "0.66"
L 09/05/2014 - 23:52:03: Server cvar "mp_maxrounds" = "0"
L 09/05/2014 - 23:52:03: Server cvar "mp_mirrordamage" = "0"
L 09/05/2014 - 23:52:03: Server cvar "mp_playerid" = "1"
L 09/05/2014 - 23:52:03: Server cvar "mp_roundtime" = "7"
L 09/05/2014 - 23:52:03: Server cvar "mp_startmoney" = "800"
L 09/05/2014 - 23:52:03: Server cvar "mp_timeleft" = "0"
L 09/05/2014 - 23:52:03: Server cvar "mp_timelimit" = "50"
L 09/05/2014 - 23:52:03: Server cvar "mp_tkpunish" = "0"
L 09/05/2014 - 23:52:03: Server cvar "mp_windifference" = "1"
L 09/05/2